app/proguard-rules.pro
# Add project specific ProGuard rules here.
# By default, the flags in this file are appended to flags specified
# in C:\android-SDK-windows/tools/proguard/proguard-android.txt
# You can edit the include path and order by changing the proguardFiles
# directive in build.gradle.
#
# For more details, see
#   http://developer.android.com/guide/developing/tools/proguard.html

# Add any project specific keep options here:

# If your project uses WebView with JS, uncomment the following
# and specify the fully qualified class name to the JavaScript interface
# class:
#-keepclassmembers class fqcn.of.javascript.interface.for.webview {
#   public *;
#}

# This is a configuration file for ProGuard.
# http://proguard.sourceforge.net/index.html#manual/usage.html

-dontusemixedcaseclassnames
-dontskipnonpubliclibraryclasses
-verbose

# Optimization is turned off by default. Dex does not like code run
# through the ProGuard optimize and preverify steps (and performs some
# of these optimizations on its own).
-dontoptimize
-dontpreverify
# Note that if you want to enable optimization, you cannot just
# include optimization flags in your own project configuration file;
# instead you will need to point to the
# "proguard-android-optimize.txt" file instead of this one from your
# project.properties file.

-keepattributes *Annotation*
-keep public class com.google.vending.licensing.ILicensingService
-keep public class com.android.vending.licensing.ILicensingService

#保持 native 方法不被混淆
-keepclasseswithmembernames class * {
    native <methods>;
}

# keep setters in Views so that animations can still work.
# see http://proguard.sourceforge.net/manual/examples.html#beans
-keepclassmembers public class * extends android.view.View {
   void set*(***);
   *** get*();
}

# We want to keep methods in Activity that could be used in the XML attribute onClick
-keepclassmembers class * extends android.app.Activity {
   public void *(android.view.View);
}

# For enumeration classes, see http://proguard.sourceforge.net/manual/examples.html#enumerations
-keepclassmembers enum * {
    public static **[] values();
    public static ** valueOf(java.lang.String);
}

-keep class * implements android.os.Parcelable {
  public static final android.os.Parcelable$Creator *;
}

-keepclassmembers class **.R$* {
    public static <fields>;
}

# The support library contains references to newer platform versions.
# Don't warn about those in case this app is linking against an older
# platform version.  We know about them, and they are safe.
#如果引用了v4或者v7包
-dontwarn android.support.**
-keep class android.support.** { *; }

######################### 自定义 start #######################################
#指定代码的压缩级别
-optimizationpasses 5
#包明不混合大小写
-dontusemixedcaseclassnames
#不去忽略非公共的库类
-dontskipnonpubliclibraryclasses
 #优化  不优化输入的类文件
-dontoptimize
 #预校验
-dontpreverify
 #混淆时是否记录日志
-verbose
 # 混淆时所采用的算法
-optimizations !code/simplification/arithmetic,!field/*,!class/merging/*

#jar包(同build.gradle里的声明)
#-libraryjars libs/volley.jar

#API里的类，避免混淆
-keep public class * extends android.app.Fragment
-keep public class * extends android.app.Activity
-keep public class * extends android.app.Application
-keep public class * extends android.app.Service
-keep public class * extends android.content.BroadcastReceiver
-keep public class * extends android.content.ContentProvider
-keep public class * extends android.app.backup.BackupAgentHelper
-keep public class * extends android.preference.Preference
-keep public class * extends android.support.v4.**
-keep public class com.android.vending.licensing.ILicensingService
-keep public class java.util.** { *; }
-dontwarn java.util.**

#model层，避免混淆
-keep class com.rat.nm.entity.** { *; }

#注解，避免混淆
-keepattributes *Annotation*
-keep class * extends java.lang.annotation.Annotation { *; }
#签名，避免混淆
-keepattributes Signature

#保持自定义控件类不被混淆
-keepclasseswithmembers class * {
    public <init>(android.content.Context, android.util.AttributeSet);
}
#保持自定义控件类不被混淆
-keepclasseswithmembers class * {
    public <init>(android.content.Context, android.util.AttributeSet, int);
}
#保持自定义控件类不被混淆
-keepclassmembers class * extends android.app.Activity {
   public void *(android.view.View);
}
#保持 Parcelable 不被混淆
-keep class * implements android.os.Parcelable {
  public static final android.os.Parcelable$Creator *;
}
##保持 Serializable 不被混淆
-keepnames class * implements java.io.Serializable
#保持 Serializable 不被混淆并且enum 类也不被混淆
-keepclassmembers class * implements java.io.Serializable {
    static final long serialVersionUID;
    private static final java.io.ObjectStreamField[] serialPersistentFields;
    !static !transient <fields>;
    !private <fields>;
    !private <methods>;
    private void writeObject(java.io.ObjectOutputStream);
    private void readObject(java.io.ObjectInputStream);
    java.lang.Object writeReplace();
    java.lang.Object readResolve();
}

#保持枚举 enums 类不被混淆 如果混淆报错，建议直接使用上面的 -keepclassmembers class * implements java.io.Serializable即可
-keepclassmembers enum * {
  public static **[] values();
  public static ** valueOf(java.lang.String);
}

#不混淆资源类
-keepclassmembers class **.R$* {
    public static <fields>;
}

#文件缓存地址等，不混淆
-keep class com.rat.nm.appmanager.** { *; }

######################### 自定义 end #########################################

#####################记录生成的日志数据,gradle build时在本项目根目录输出################
#apk 包内所有 class 的内部结构
-dump class_files.txt
#未混淆的类和成员
-printseeds seeds.txt
#列出从 apk 中删除的代码
-printusage unused.txt
#混淆前后的映射
-printmapping mapping.txt
#####################记录生成的日志数据，gradle build时 在本项目根目录输出-end################

######################### 第三方 start #######################################
#融云
-keepclassmembers class fqcn.of.javascript.interface.for.webview {
 public *;
}
-keepattributes Exceptions,InnerClasses
-keep class io.rong.** {*;}
-keep class * implements io.rong.imlib.model.MessageContent{*;}
-keepattributes Signature
-keepattributes *Annotation*
-keep class sun.misc.Unsafe { *; }
-keep class com.google.gson.examples.android.model.** { *; }
-keepclassmembers class * extends com.sea_monster.dao.AbstractDao {
 public static java.lang.String TABLENAME;
}
-keep class **$Properties
-dontwarn org.eclipse.jdt.annotation.**
-keep class com.ultrapower.** {*;}

#百度
-dontwarn org.apache.**
-keep class org.apache.**{*;}
-keep class com.baidu.**{*;}
-keep class vi.com.gdi.bgl.**{*;}
-dontwarn com.baidu.**

#Volley
-keep class com.android.volley.** {*;}
-keep class com.android.volley.toolbox.** {*;}
-keep class com.android.volley.Response$* { *; }
-keep class com.android.volley.Request$* { *; }
-keep class com.android.volley.RequestQueue$* { *; }
-keep class com.android.volley.toolbox.HurlStack$* { *; }
-keep class com.android.volley.toolbox.ImageLoader$* { *; }

#友盟
-dontwarn com.umeng.**
-keep class com.umeng.**{*;}
-keepclassmembers class * {
   public <init>(org.json.JSONObject);
}

#支付宝
#-keep class com.alipay.android.app.IAliPay{*;}
#-keep class com.alipay.android.app.IAlixPay{*;}
#-keep class com.alipay.android.app.IRemoteServiceCallback{*;}
#-keep class com.alipay.android.app.lib.ResourceMap{*;}

#腾讯
-dontwarn com.tencent.**
-keep class com.tencent.**{*;}
#-keep class com.tencent.android.tpush.**  {* ;}
#-keep class com.tencent.mid.**  {* ;}
-keep class com.jg.**{*;}

#个推
-dontwarn com.igexin.**
-keep class com.igexin.**{*;}

#Butterknife
#-keep class butterknife.** { *; }
#-dontwarn butterknife.internal.**
#-keep class **$$ViewInjector { *; }
#-keepclasseswithmembernames class * {
#    @butterknife.* <fields>;
#}
#-keepclasseswithmembernames class * {
#    @butterknife.* <methods>;
#}

#Jackson
#-dontwarn com.fasterxml.jackson.**
#-keep class com.fasterxml.jackson.**
#-keepnames class com.fasterxml.jackson.**
#
#-keepattributes Signature
#-keepattributes *Annotation*
#-keep class sun.misc.Unsafe { *; }

######################### 第三方 end #########################################