app/seeds.txt
com.rat.networkmanager.R$anim: int from_y2_to_y1
com.rat.networkmanager.R$attr: int behindOffset
com.rat.networkmanager.R$attr: int behindScrollScale
com.rat.networkmanager.R$attr: int behindWidth
com.rat.networkmanager.R$attr: int fadeDegree
com.rat.networkmanager.R$attr: int fadeEnabled
com.rat.networkmanager.R$attr: int mode
com.rat.networkmanager.R$attr: int selectorDrawable
com.rat.networkmanager.R$attr: int selectorEnabled
com.rat.networkmanager.R$attr: int shadowDrawable
com.rat.networkmanager.R$attr: int shadowWidth
com.rat.networkmanager.R$attr: int touchModeAbove
com.rat.networkmanager.R$attr: int touchModeBehind
com.rat.networkmanager.R$attr: int viewAbove
com.rat.networkmanager.R$attr: int viewBehind
com.rat.networkmanager.R$color: int black
com.rat.networkmanager.R$color: int blue
com.rat.networkmanager.R$color: int blue_43
com.rat.networkmanager.R$color: int gray
com.rat.networkmanager.R$color: int gray_ad
com.rat.networkmanager.R$color: int green
com.rat.networkmanager.R$color: int orage
com.rat.networkmanager.R$color: int red
com.rat.networkmanager.R$color: int translate
com.rat.networkmanager.R$color: int translate_half
com.rat.networkmanager.R$color: int white
com.rat.networkmanager.R$dimen: int font_14sp
com.rat.networkmanager.R$dimen: int font_17sp
com.rat.networkmanager.R$dimen: int font_20sp
com.rat.networkmanager.R$dimen: int footer_height
com.rat.networkmanager.R$dimen: int footer_padding
com.rat.networkmanager.R$dimen: int header_height
com.rat.networkmanager.R$dimen: int shadow_width
com.rat.networkmanager.R$dimen: int slidingmenu_offset
com.rat.networkmanager.R$drawable: int alarm_detail_rounded_rectangle
com.rat.networkmanager.R$drawable: int bg_edittext
com.rat.networkmanager.R$drawable: int bg_view_menu_item
com.rat.networkmanager.R$drawable: int dialog_bg
com.rat.networkmanager.R$drawable: int loading_bg
com.rat.networkmanager.R$drawable: int menu_shadow_left
com.rat.networkmanager.R$drawable: int menu_shadow_right
com.rat.networkmanager.R$drawable: int shape_circle_solid_green
com.rat.networkmanager.R$drawable: int shape_circle_solid_red
com.rat.networkmanager.R$id: int alarmListLV
com.rat.networkmanager.R$id: int alarmMIV
com.rat.networkmanager.R$id: int alarmType
com.rat.networkmanager.R$id: int app_logo
com.rat.networkmanager.R$id: int app_logo_province
com.rat.networkmanager.R$id: int app_name
com.rat.networkmanager.R$id: int app_name_title
com.rat.networkmanager.R$id: int app_need_size
com.rat.networkmanager.R$id: int app_progress
com.rat.networkmanager.R$id: int app_size
com.rat.networkmanager.R$id: int app_version
com.rat.networkmanager.R$id: int bgIV
com.rat.networkmanager.R$id: int cancelTV
com.rat.networkmanager.R$id: int click_down
com.rat.networkmanager.R$id: int click_down_img
com.rat.networkmanager.R$id: int click_upload
com.rat.networkmanager.R$id: int close
com.rat.networkmanager.R$id: int contentTV
com.rat.networkmanager.R$id: int content_layout
com.rat.networkmanager.R$id: int datePicker
com.rat.networkmanager.R$id: int dateTV
com.rat.networkmanager.R$id: int desTV
com.rat.networkmanager.R$id: int deviceDescribe
com.rat.networkmanager.R$id: int deviceListLV
com.rat.networkmanager.R$id: int deviceMIV
com.rat.networkmanager.R$id: int deviceModel
com.rat.networkmanager.R$id: int deviceName
com.rat.networkmanager.R$id: int deviceType
com.rat.networkmanager.R$id: int deviceTypeListLV
com.rat.networkmanager.R$id: int deviceTypeMIV
com.rat.networkmanager.R$id: int down_click_linearLayout
com.rat.networkmanager.R$id: int downlaod_progress_horizontal
...
android.support.v4.app.NavUtils$NavUtilsImpl
android.support.v4.app.NavUtils$NavUtilsImpl: android.content.Intent getParentActivityIntent(android.app.Activity)
android.support.v4.app.NavUtils$NavUtilsImpl: boolean shouldUpRecreateTask(android.app.Activity,android.content.Intent)
android.support.v4.app.NavUtils$NavUtilsImpl: void navigateUpTo(android.app.Activity,android.content.Intent)
android.support.v4.app.NavUtils$NavUtilsImpl: java.lang.String getParentActivityName(android.content.Context,android.content.pm.ActivityInfo)
android.support.v4.app.NavUtils$NavUtilsImplBase
android.support.v4.app.NavUtils$NavUtilsImplBase: NavUtils$NavUtilsImplBase()
android.support.v4.app.NavUtils$NavUtilsImplBase: android.content.Intent getParentActivityIntent(android.app.Activity)
android.support.v4.app.NavUtils$NavUtilsImplBase: boolean shouldUpRecreateTask(android.app.Activity,android.content.Intent)
android.support.v4.app.NavUtils$NavUtilsImplBase: void navigateUpTo(android.app.Activity,android.content.Intent)
android.support.v4.app.NavUtils$NavUtilsImplBase: java.lang.String getParentActivityName(android.content.Context,android.content.pm.ActivityInfo)
android.support.v4.app.NavUtils$NavUtilsImplJB
android.support.v4.app.NavUtils$NavUtilsImplJB: NavUtils$NavUtilsImplJB()
android.support.v4.app.NavUtils$NavUtilsImplJB: android.content.Intent getParentActivityIntent(android.app.Activity)
android.support.v4.app.NavUtils$NavUtilsImplJB: android.content.Intent superGetParentActivityIntent(android.app.Activity)
android.support.v4.app.NavUtils$NavUtilsImplJB: boolean shouldUpRecreateTask(android.app.Activity,android.content.Intent)
android.support.v4.app.NavUtils$NavUtilsImplJB: void navigateUpTo(android.app.Activity,android.content.Intent)
android.support.v4.app.NavUtils$NavUtilsImplJB: java.lang.String getParentActivityName(android.content.Context,android.content.pm.ActivityInfo)
android.support.v4.app.NavUtilsJB
android.support.v4.app.NavUtilsJB: NavUtilsJB()
android.support.v4.app.NavUtilsJB: android.content.Intent getParentActivityIntent(android.app.Activity)
android.support.v4.app.NavUtilsJB: boolean shouldUpRecreateTask(android.app.Activity,android.content.Intent)
android.support.v4.app.NavUtilsJB: void navigateUpTo(android.app.Activity,android.content.Intent)
android.support.v4.app.NavUtilsJB: java.lang.String getParentActivityName(android.content.pm.ActivityInfo)
android.support.v4.app.NoSaveStateFrameLayout
android.support.v4.app.NoSaveStateFrameLayout: android.view.ViewGroup wrap(android.view.View)
android.support.v4.app.NoSaveStateFrameLayout: NoSaveStateFrameLayout(android.content.Context)
android.support.v4.app.NoSaveStateFrameLayout: void dispatchSaveInstanceState(android.util.SparseArray)
android.support.v4.app.NoSaveStateFrameLayout: void dispatchRestoreInstanceState(android.util.SparseArray)
android.support.v4.app.NotificationBuilderWithActions
android.support.v4.app.NotificationBuilderWithActions: void addAction(android.support.v4.app.NotificationCompatBase$Action)
android.support.v4.app.NotificationBuilderWithBuilderAccessor
android.support.v4.app.NotificationBuilderWithBuilderAccessor: android.app.Notification$Builder getBuilder()