app/mapping.txt
com.rat.nm.adapter.OperateLogListAdapter -> com.rat.nm.a.d:
    android.content.Context context -> b
    java.util.List list -> c
    com.rat.nm.adapter.OperateLogListAdapter$ViewHolder viewHolder -> d
    com.nostra13.universalimageloader.core.ImageLoader imageLoader -> a
    int getCount() -> getCount
    java.lang.Object getItem(int) -> getItem
    long getItemId(int) -> getItemId
    void modifyData(java.util.List,boolean) -> a
    android.view.View getView(int,android.view.View,android.view.ViewGroup) -> getView
com.rat.nm.adapter.OperateLogListAdapter$1 -> com.rat.nm.a.d$1:
com.rat.nm.adapter.OperateLogListAdapter$ViewHolder -> com.rat.nm.a.d$a:
    android.widget.ImageView iconIV -> b
    android.widget.TextView nameTV -> c
    android.widget.TextView contentTV -> d
    android.widget.TextView desTV -> e
    android.widget.ImageView statusIV -> f
    com.rat.nm.adapter.OperateLogListAdapter this$0 -> a
    android.widget.ImageView access$102(com.rat.nm.adapter.OperateLogListAdapter$ViewHolder,android.widget.ImageView) -> a
    android.widget.TextView access$202(com.rat.nm.adapter.OperateLogListAdapter$ViewHolder,android.widget.TextView) -> a
    android.widget.TextView access$302(com.rat.nm.adapter.OperateLogListAdapter$ViewHolder,android.widget.TextView) -> b
    android.widget.TextView access$402(com.rat.nm.adapter.OperateLogListAdapter$ViewHolder,android.widget.TextView) -> c
    android.widget.ImageView access$502(com.rat.nm.adapter.OperateLogListAdapter$ViewHolder,android.widget.ImageView) -> b
    android.widget.TextView access$200(com.rat.nm.adapter.OperateLogListAdapter$ViewHolder) -> a
    android.widget.TextView access$300(com.rat.nm.adapter.OperateLogListAdapter$ViewHolder) -> b
    android.widget.TextView access$400(com.rat.nm.adapter.OperateLogListAdapter$ViewHolder) -> c
com.rat.nm.adapter.ParameterListAdapter -> com.rat.nm.a.e:
    android.content.Context context -> a
    java.util.List list -> b
    com.rat.nm.adapter.ParameterListAdapter$ViewHolder viewHolder -> c
    int getCount() -> getCount
    java.lang.Object getItem(int) -> getItem
    long getItemId(int) -> getItemId
    android.view.View getView(int,android.view.View,android.view.ViewGroup) -> getView
com.rat.nm.adapter.ParameterListAdapter$1 -> com.rat.nm.a.e$1:
com.rat.nm.adapter.ParameterListAdapter$ViewHolder -> com.rat.nm.a.e$a:
    android.widget.TextView keyTV -> b
    android.widget.TextView desTV -> c
    android.widget.TextView valueTV -> d
    com.rat.nm.adapter.ParameterListAdapter this$0 -> a
    android.widget.TextView access$102(com.rat.nm.adapter.ParameterListAdapter$ViewHolder,android.widget.TextView) -> a
    android.widget.TextView access$202(com.rat.nm.adapter.ParameterListAdapter$ViewHolder,android.widget.TextView) -> b
    android.widget.TextView access$302(com.rat.nm.adapter.ParameterListAdapter$ViewHolder,android.widget.TextView) -> c
    android.widget.TextView access$100(com.rat.nm.adapter.ParameterListAdapter$ViewHolder) -> a
    android.widget.TextView access$200(com.rat.nm.adapter.ParameterListAdapter$ViewHolder) -> b
    android.widget.TextView access$300(com.rat.nm.adapter.ParameterListAdapter$ViewHolder) -> c
com.rat.nm.appmanager.AppData -> com.rat.nm.appmanager.AppData:
    android.os.Handler DefaultHandler -> DefaultHandler
com.rat.nm.appmanager.Application -> com.rat.nm.appmanager.Application:
    void onCreate() -> onCreate