app/unused.txt
com.rat.networkmanager.BuildConfig
com.rat.networkmanager.Manifest
com.rat.networkmanager.Manifest$permission
com.rat.networkmanager.R
com.rat.networkmanager.R$anim
com.rat.networkmanager.R$attr
com.rat.networkmanager.R$color
com.rat.networkmanager.R$dimen
com.rat.networkmanager.R$drawable
com.rat.networkmanager.R$id
com.rat.networkmanager.R$layout
com.rat.networkmanager.R$mipmap
com.rat.networkmanager.R$raw
com.rat.networkmanager.R$string
com.rat.networkmanager.R$style
com.rat.networkmanager.R$styleable
...
com.rat.nm.util.DimensionUtils
com.rat.nm.util.DisplayDataUtil
com.rat.nm.util.DownLoadUtil
com.rat.nm.util.GsonUtil:
    13:14:private GsonUtil()
com.rat.nm.util.HttpUtils
com.rat.nm.util.ImageUtil:
    28:29:private ImageUtil()
com.rat.nm.util.LogUtil:
    private static final java.lang.String TAG
    15:16:private LogUtil()
    25:28:public static void v(java.lang.String)
    31:34:public static void d(java.lang.String)
    43:46:public static void w(java.lang.String)
com.rat.nm.util.NetworkUtil:
    16:16:public NetworkUtil()
    20:27:public static boolean isNetworkConnected(android.content.Context)
    32:39:public static boolean isWifiConnected(android.content.Context)
    44:51:public static boolean isMobileConnected(android.content.Context)
    59:66:public static int getConnectedType(android.content.Context)
    71:89:public static int getWifiInfo(android.content.Context)
com.rat.nm.util.PasswordUtil
com.rat.nm.util.PropertiesUtil
com.rat.nm.util.ScreenShot
com.rat.nm.util.StorageUtil:
    private static final java.lang.String CACHEDIR
    17:18:private StorageUtil()
com.rat.nm.util.StringUtils:
    20:20:public StringUtils()
    33:41:public static java.lang.String ListToCommaString(java.util.List)
    45:48:public static java.lang.String NullToString(java.lang.String)
    53:63:public static java.lang.String digest(java.lang.String)
    68:72:private static java.lang.String bytesToHex(byte[],int,int)
    76:76:private static java.lang.String byteToHex(byte)
    86:87:public static boolean isPhoneNum(java.lang.String)
    91:92:public static boolean isNumeric(java.lang.String)
    115:129:public static java.lang.String joinIntegerArray(java.util.Collection,java.lang.String)
    139:154:public static java.lang.String join(java.util.Collection,java.lang.String)
    158:158:public static boolean getDiffrent(java.util.List,java.util.List)
    162:169:public static java.lang.String generateGUID()
com.rat.nm.util.TextUtils
com.rat.nm.util.ViewUtils
com.rat.nm.util.XXTEA:
    private static final int DELTA
    20:21:private XXTEA()
    33:35:public static final byte[] encrypt(java.lang.String,byte[])
    41:43:public static final byte[] encrypt(byte[],java.lang.String)
    56:58:public static final java.lang.String encryptToBase64String(byte[],byte[])
    62:64:public static final java.lang.String encryptToBase64String(java.lang.String,byte[])
    68:70:public static final java.lang.String encryptToBase64String(byte[],java.lang.String)
    80:83:public static final byte[] decrypt(byte[],byte[])
    89:91:public static final byte[] decrypt(byte[],java.lang.String)
    96:96:public static final byte[] decryptBase64String(java.lang.String,byte[])
    100:100:public static final byte[] decryptBase64String(java.lang.String,java.lang.String)
    105:109:public static final java.lang.String decryptToString(byte[],byte[])
    115:119:public static final java.lang.String decryptToString(byte[],java.lang.String)
    125:129:public static final java.lang.String decryptBase64StringToString(java.lang.String,byte[])
    135:139:public static final java.lang.String decryptBase64StringToString(java.lang.String,java.lang.String)
    166:184:private static int[] decrypt(int[],int[])
com.rat.nm.view.MenuItemView:
    public static final int PROFILE
    public static final int DEVICE_TYPE
    public static final int DEVICE
    public static final int ALARM
    public static final int OPERATE_LOG
    public static final int SETTINGS
    private android.widget.Button messageBtn
    103:109:public void initData(int)
com.rat.nm.view.WheelView:
    public static final int OFF_SET_DEFAULT
    private static final int SCROLL_DIRECTION_UP
    private static final int SCROLL_DIRECTION_DOWN
com.rat.nm.view.dialog.SendSuccessDialog
com.rat.nm.view.dialog.SendSuccessDialog$TimeCount
com.rat.nm.view.dialog.SureDialog
com.rat.nm.view.dialog.SureDialog$1
com.rat.nm.view.pop.BasePopupWindowForListView
com.rat.nm.view.pop.BasePopupWindowForListView$1